Random Products Inc.
Dziennik czasu pracy nad projektem
==================================

PROJEKT: Random Egg Dropping Device
ZESPÓŁ: Alicja, Błażej, Cezary, Dorota, Edward, Feliks


Dorota    1.09.2018    7
Błażej    1.09.2018    4
Edward    1.09.2018    3
Błażej    2.09.2018    3
Cezary    2.09.2018    2
Edward    2.09.2018    2
Feliks    2.09.2018    1
Alicja    3.09.2018    8
Błażej    3.09.2018    7
Dorota    3.09.2018    7
Cezary    3.09.2018    1
Cezary    4.09.2018    13
Alicja    4.09.2018    8
Dorota    4.09.2018    7
Błażej    4.09.2018    6
Edward    4.09.2018    2
Alicja    5.09.2018    8
Błażej    5.09.2018    7
Dorota    5.09.2018    7
Edward    5.09.2018    1
Cezary    6.09.2018    12
Alicja    6.09.2018    8
Dorota    6.09.2018    7
Błażej    6.09.2018    6
Edward    6.09.2018    3
Feliks    7.09.2018    9
Alicja    7.09.2018    8
Dorota    7.09.2018    7
Błażej    7.09.2018    6
Edward    7.09.2018    2
Cezary    8.09.2018    9
Dorota    8.09.2018    7
Błażej    8.09.2018    5
Cezary    9.09.2018    10
Błażej    9.09.2018    4
Edward    9.09.2018    3
Alicja    10.09.2018    8
Dorota    10.09.2018    7
Błażej    10.09.2018    6
Feliks    10.09.2018    2
Edward    10.09.2018    1
Alicja    11.09.2018    8
Dorota    11.09.2018    7
Błażej    11.09.2018    5
Cezary    12.09.2018    14
Alicja    12.09.2018    8
Błażej    12.09.2018    7
Dorota    12.09.2018    7
Edward    12.09.2018    2
Cezary    13.09.2018    11
Alicja    13.09.2018    8
Dorota    13.09.2018    7
Błażej    13.09.2018    6
Edward    13.09.2018    2
Feliks    13.09.2018    1
Alicja    14.09.2018    8
Błażej    14.09.2018    7
Dorota    14.09.2018    7
Edward    14.09.2018    1
Dorota    15.09.2018    7
Błażej    15.09.2018    5
Alcija    15.09.2018    8
Cezary    16.09.2018    13
Błażej    16.09.2018    3
Edward    16.09.2018    2
Feliks    17.09.2018    10
Alicja    17.09.2018    8
Błażej    17.09.2018    8
Dorota    17.09.2018    7
Edward    17.09.2018    3
Alicja    18.09.2018    8
Błażej    18.09.2018    7
Dorota    18.09.2018    7
Edward    18.09.2018    1
Cezary    19.09.2018    11
Alicja    19.09.2018    8
Błażej    19.09.2018    7
Dorota    19.09.2018    7
Cezary    20.09.2018    13
Alicja    20.09.2018    8
Dorota    20.09.2018    7
Błażej    20.09.2018    6
Feliks    20.09.2018    2
Edward    20.09.2018    1
Alicja    21.09.2018    8
Błażej    21.09.2018    7
Dorota    21.09.2018    7
Dorota    22.09.2018    7
Błażej    22.09.2018    6
Edward    22.09.2018    3
Cezary    22.09.2018    1
Cezary    23.09.2018    9
Błażej    23.09.2018    4
Edward    23.09.2018    2
Alicja    24.09.2018    8
Dorota    24.09.2018    7
Błażej    24.09.2018    6
Cezary    24.09.2018    2
Edward    24.09.2018    1
Feliks    24.09.2018    1
Alicja    25.09.2018    8
Błażej    25.09.2018    7
Dorota    25.09.2018    7
Cezary    26.09.2018    13
Alicja    26.09.2018    8
Błażej    26.09.2018    8
Dorota    26.09.2018    7
Cezary    27.09.2018    12
Alicja    27.09.2018    8
Błażej    27.09.2018    7
Dorota    27.09.2018    7
Edward    27.09.2018    2
Alicja    28.09.2018    8
Dorota    28.09.2018    7
Błażej    28.09.2018    6
Edward    28.09.2018    1
Cezary    29.09.2018    10
Feliks    29.09.2018    9
Dorota    29.09.2018    7
Błażej    29.09.2018    5
Feliks    30.09.2018    11
Błażej    30.09.2018    3
Edward    30.09.2018    2
Cezary    30.09.2018    1